<?xml version="1.0" encoding="UTF-8"?>
<!-- Generated by org.testng.reporters.JUnitXMLReporter -->
<testsuite ignored="0" hostname="5db3d6411923" failures="1" tests="5" name="passengers-count-1" time="218.039" errors="0" timestamp="2024-03-10T19:36:49 GMT">
  <testcase classname="com.shaarv70.tests.flightreservation.FlightReservationTest" name="userRegistrationTest" time="180.6">
    <failure type="org.openqa.selenium.TimeoutException" message="java.util.concurrent.TimeoutException
Build info: version: &amp;apos;4.11.0&amp;apos;, revision: &amp;apos;040bc5406b&amp;apos;
System info: os.name: &amp;apos;Linux&amp;apos;, os.arch: &amp;apos;amd64&amp;apos;, os.version: &amp;apos;5.10.16.3-microsoft-standard-WSL2&amp;apos;, java.version: &amp;apos;17.0.8.1&amp;apos;
Driver info: org.openqa.selenium.remote.RemoteWebDriver
Command: [d6ca0436efb2b5de026edc3fa458aa17, get {url=https://d1uh9e7cu07ukd.cloudfront.net/selenium-docker/reservation-app/index.html}]
Capabilities {acceptInsecureCerts: false, browserName: chrome, browserVersion: 114.0.5735.133, chrome: {chromedriverVersion: 114.0.5735.90 (386bc09e8f4f..., userDataDir: /tmp/.com.google.Chrome.sZdW6V}, goog:chromeOptions: {debuggerAddress: localhost:40319}, networkConnectionEnabled: false, pageLoadStrategy: normal, platformName: linux, proxy: Proxy(), se:bidiEnabled: false, se:cdp: ws://172.27.0.3:4444/sessio..., se:cdpVersion: 114.0.5735.133, se:vnc: ws://172.27.0.3:4444/sessio..., se:vncEnabled: true, se:vncLocalAddress: ws://172.27.0.3:7900, setWindowRect: true, strictFileInteractability: false, timeouts: {implicit: 0, pageLoad: 300000, script: 30000}, unhandledPromptBehavior: dismiss and notify, webauthn:extension:credBlob: true, webauthn:extension:largeBlob: true, webauthn:extension:minPinLength: true, webauthn:extension:prf: true, webauthn:virtualAuthenticators: true}
Session ID: d6ca0436efb2b5de026edc3fa458aa17">
      <![CDATA[org.openqa.selenium.TimeoutException: java.util.concurrent.TimeoutException
Build info: version: '4.11.0', revision: '040bc5406b'
System info: os.name: 'Linux', os.arch: 'amd64', os.version: '5.10.16.3-microsoft-standard-WSL2', java.version: '17.0.8.1'
Driver info: org.openqa.selenium.remote.RemoteWebDriver
Command: [d6ca0436efb2b5de026edc3fa458aa17, get {url=https://d1uh9e7cu07ukd.cloudfront.net/selenium-docker/reservation-app/index.html}]
Capabilities {acceptInsecureCerts: false, browserName: chrome, browserVersion: 114.0.5735.133, chrome: {chromedriverVersion: 114.0.5735.90 (386bc09e8f4f..., userDataDir: /tmp/.com.google.Chrome.sZdW6V}, goog:chromeOptions: {debuggerAddress: localhost:40319}, networkConnectionEnabled: false, pageLoadStrategy: normal, platformName: linux, proxy: Proxy(), se:bidiEnabled: false, se:cdp: ws://172.27.0.3:4444/sessio..., se:cdpVersion: 114.0.5735.133, se:vnc: ws://172.27.0.3:4444/sessio..., se:vncEnabled: true, se:vncLocalAddress: ws://172.27.0.3:7900, setWindowRect: true, strictFileInteractability: false, timeouts: {implicit: 0, pageLoad: 300000, script: 30000}, unhandledPromptBehavior: dismiss and notify, webauthn:extension:credBlob: true, webauthn:extension:largeBlob: true, webauthn:extension:minPinLength: true, webauthn:extension:prf: true, webauthn:virtualAuthenticators: true}
Session ID: d6ca0436efb2b5de026edc3fa458aa17
at org.openqa.selenium.remote.http.netty.NettyHttpHandler.makeCall(NettyHttpHandler.java:65)
at org.openqa.selenium.remote.http.AddSeleniumUserAgent.lambda$apply$0(AddSeleniumUserAgent.java:42)
at org.openqa.selenium.remote.http.Filter.lambda$andFinally$1(Filter.java:55)
at org.openqa.selenium.remote.http.netty.NettyHttpHandler.execute(NettyHttpHandler.java:48)
at org.openqa.selenium.remote.http.netty.NettyClient.execute(NettyClient.java:96)
at org.openqa.selenium.remote.tracing.TracedHttpClient.execute(TracedHttpClient.java:54)
at org.openqa.selenium.remote.HttpCommandExecutor.execute(HttpCommandExecutor.java:188)
at org.openqa.selenium.remote.TracedCommandExecutor.execute(TracedCommandExecutor.java:51)
at org.openqa.selenium.remote.RemoteWebDriver.execute(RemoteWebDriver.java:518)
at org.openqa.selenium.remote.RemoteWebDriver.get(RemoteWebDriver.java:300)
at com.shaarv70.pages.flightreservation.RegistrationPage.goTo(RegistrationPage.java:46)
at com.shaarv70.tests.flightreservation.FlightReservationTest.userRegistrationTest(FlightReservationTest.java:27)
at java.base/java.util.ArrayList.forEach(ArrayList.java:1511)
at java.base/java.util.concurrent.FutureTask.run(FutureTask.java:264)
at java.base/java.util.concurrent.ThreadPoolExecutor.runWorker(ThreadPoolExecutor.java:1136)
at java.base/java.util.concurrent.ThreadPoolExecutor$Worker.run(ThreadPoolExecutor.java:635)
at java.base/java.lang.Thread.run(Thread.java:833)
Caused by: java.util.concurrent.TimeoutException
at java.base/java.util.concurrent.CompletableFuture.timedGet(CompletableFuture.java:1960)
at java.base/java.util.concurrent.CompletableFuture.get(CompletableFuture.java:2095)
at org.asynchttpclient.netty.NettyResponseFuture.get(NettyResponseFuture.java:206)
at org.openqa.selenium.remote.http.netty.NettyHttpHandler.makeCall(NettyHttpHandler.java:59)
... 33 more
... Removed 17 stack frames]]>
    </failure>
  </testcase> <!-- userRegistrationTest -->
  <testcase classname="com.shaarv70.tests.flightreservation.FlightReservationTest" name="registrationConfirmationTest" time="0.0">
    <skipped/>
  </testcase> <!-- registrationConfirmationTest -->
  <testcase classname="com.shaarv70.tests.flightreservation.FlightReservationTest" name="flightsSearchTest" time="0.0">
    <skipped/>
  </testcase> <!-- flightsSearchTest -->
  <testcase classname="com.shaarv70.tests.flightreservation.FlightReservationTest" name="flightsSelectionTest" time="0.0">
    <skipped/>
  </testcase> <!-- flightsSelectionTest -->
  <testcase classname="com.shaarv70.tests.flightreservation.FlightReservationTest" name="flightReservationConfirmationTest" time="0.0">
    <skipped/>
  </testcase> <!-- flightReservationConfirmationTest -->
</testsuite> <!-- passengers-count-1 -->
