<!DOCTYPE html PUBLIC "-//W3C//DTD XHTML 1.1//EN" "https://www.w3.org/TR/xhtml11/DTD/xhtml11.dtd">
<html xmlns="https://www.w3.org/1999/xhtml">
<head>
<meta http-equiv="content-type" content="text/html; charset=UTF-8"/>
<title>TestNG Report</title>
<style type="text/css">table {margin-bottom:10px;border-collapse:collapse;empty-cells:show}th,td {border:1px solid #009;padding:.25em .5em}th {vertical-align:bottom}td {vertical-align:top}table a {font-weight:bold}.stripe td {background-color: #E6EBF9}.num {text-align:right}.passedodd td {background-color: #3F3}.passedeven td {background-color: #0A0}.skippedodd td {background-color: #DDD}.skippedeven td {background-color: #CCC}.failedodd td,.attn {background-color: #F33}.failedeven td,.stripe .attn {background-color: #D00}.stacktrace {white-space:pre;font-family:monospace}.totop {font-size:85%;text-align:center;border-bottom:2px solid #000}.invisible {display:none}</style>
</head>
<body>
<table>
<tr><th>Test</th><th># Passed</th><th># Skipped</th><th># Retried</th><th># Failed</th><th>Time (ms)</th><th>Included Groups</th><th>Excluded Groups</th></tr>
<tr><th colspan="8">flight-reservation</th></tr>
<tr><td><a href="#t0">passengers-count-3</a></td><td class="num">0</td><td class="num attn">5</td><td class="num">0</td><td class="num">0</td><td class="num">66,792</td><td></td><td></td></tr>
<tr class="stripe"><td><a href="#t1">passengers-count-2</a></td><td class="num">0</td><td class="num attn">5</td><td class="num">0</td><td class="num">0</td><td class="num">66,821</td><td></td><td></td></tr>
<tr><td><a href="#t2">passengers-count-1</a></td><td class="num">0</td><td class="num attn">5</td><td class="num">0</td><td class="num">0</td><td class="num">66,791</td><td></td><td></td></tr>
<tr class="stripe"><td><a href="#t3">passengers-count-4</a></td><td class="num">0</td><td class="num attn">5</td><td class="num">0</td><td class="num">0</td><td class="num">66,779</td><td></td><td></td></tr>
<tr><th>Total</th><th class="num">0</th><th class="num attn">20</th><th class="num">0</th><th class="num">0</th><th class="num">267,183</th><th colspan="2"></th></tr>
</table>
<table id='summary'><thead><tr><th>Class</th><th>Method</th><th>Start</th><th>Time (ms)</th></tr></thead><tbody><tr><th colspan="4">flight-reservation</th></tr></tbody><tbody id="t0"><tr><th colspan="4">passengers-count-3 &#8212; failed (configuration methods)</th></tr><tr class="failedeven"><td rowspan="1">com.shaarv70.tests.flightreservation.FlightReservationTest</td><td><a href="#m0">setDriver</a></td><td rowspan="1">1710704983888</td><td rowspan="1">66592</td></tr><tr><th colspan="4">passengers-count-3 &#8212; skipped (configuration methods)</th></tr><tr class="skippedeven"><td rowspan="2">com.shaarv70.tests.flightreservation.FlightReservationTest</td><td><a href="#m1">quitDriver</a></td><td rowspan="1">1710705050661</td><td rowspan="1">0</td></tr><tr class="skippedeven"><td><a href="#m2">setParameters</a></td><td rowspan="1">1710705050483</td><td rowspan="1">0</td></tr><tr><th colspan="4">passengers-count-3 &#8212; skipped</th></tr><tr class="skippedeven"><td rowspan="5">com.shaarv70.tests.flightreservation.FlightReservationTest</td><td><a href="#m3">flightReservationConfirmationTest</a></td><td rowspan="1">1710705050659</td><td rowspan="1">0</td></tr><tr class="skippedeven"><td><a href="#m4">flightsSearchTest</a></td><td rowspan="1">1710705050642</td><td rowspan="1">0</td></tr><tr class="skippedeven"><td><a href="#m5">flightsSelectionTest</a></td><td rowspan="1">1710705050657</td><td rowspan="1">0</td></tr><tr class="skippedeven"><td><a href="#m6">registrationConfirmationTest</a></td><td rowspan="1">1710705050639</td><td rowspan="1">1</td></tr><tr class="skippedeven"><td><a href="#m7">userRegistrationTest</a></td><td rowspan="1">1710705050622</td><td rowspan="1">1</td></tr></tbody>
<tbody id="t1"><tr><th colspan="4">passengers-count-2 &#8212; failed (configuration methods)</th></tr><tr class="failedeven"><td rowspan="1">com.shaarv70.tests.flightreservation.FlightReservationTest</td><td><a href="#m8">setDriver</a></td><td rowspan="1">1710704983891</td><td rowspan="1">66589</td></tr><tr><th colspan="4">passengers-count-2 &#8212; skipped (configuration methods)</th></tr><tr class="skippedeven"><td rowspan="2">com.shaarv70.tests.flightreservation.FlightReservationTest</td><td><a href="#m9">quitDriver</a></td><td rowspan="1">1710705050689</td><td rowspan="1">0</td></tr><tr class="skippedeven"><td><a href="#m10">setParameters</a></td><td rowspan="1">1710705050481</td><td rowspan="1">0</td></tr><tr><th colspan="4">passengers-count-2 &#8212; skipped</th></tr><tr class="skippedeven"><td rowspan="5">com.shaarv70.tests.flightreservation.FlightReservationTest</td><td><a href="#m11">flightReservationConfirmationTest</a></td><td rowspan="1">1710705050687</td><td rowspan="1">0</td></tr><tr class="skippedeven"><td><a href="#m12">flightsSearchTest</a></td><td rowspan="1">1710705050680</td><td rowspan="1">1</td></tr><tr class="skippedeven"><td><a href="#m13">flightsSelectionTest</a></td><td rowspan="1">1710705050684</td><td rowspan="1">0</td></tr><tr class="skippedeven"><td><a href="#m14">registrationConfirmationTest</a></td><td rowspan="1">1710705050677</td><td rowspan="1">0</td></tr><tr class="skippedeven"><td><a href="#m15">userRegistrationTest</a></td><td rowspan="1">1710705050621</td><td rowspan="1">0</td></tr></tbody>
<tbody id="t2"><tr><th colspan="4">passengers-count-1 &#8212; failed (configuration methods)</th></tr><tr class="failedeven"><td rowspan="1">com.shaarv70.tests.flightreservation.FlightReservationTest</td><td><a href="#m16">setDriver</a></td><td rowspan="1">1710704983889</td><td rowspan="1">66591</td></tr><tr><th colspan="4">passengers-count-1 &#8212; skipped (configuration methods)</th></tr><tr class="skippedeven"><td rowspan="2">com.shaarv70.tests.flightreservation.FlightReservationTest</td><td><a href="#m17">quitDriver</a></td><td rowspan="1">1710705050670</td><td rowspan="1">0</td></tr><tr class="skippedeven"><td><a href="#m18">setParameters</a></td><td rowspan="1">1710705050485</td><td rowspan="1">0</td></tr><tr><th colspan="4">passengers-count-1 &#8212; skipped</th></tr><tr class="skippedeven"><td rowspan="5">com.shaarv70.tests.flightreservation.FlightReservationTest</td><td><a href="#m19">flightReservationConfirmationTest</a></td><td rowspan="1">1710705050669</td><td rowspan="1">0</td></tr><tr class="skippedeven"><td><a href="#m20">flightsSearchTest</a></td><td rowspan="1">1710705050645</td><td rowspan="1">0</td></tr><tr class="skippedeven"><td><a href="#m21">flightsSelectionTest</a></td><td rowspan="1">1710705050667</td><td rowspan="1">0</td></tr><tr class="skippedeven"><td><a href="#m22">registrationConfirmationTest</a></td><td rowspan="1">1710705050643</td><td rowspan="1">1</td></tr><tr class="skippedeven"><td><a href="#m23">userRegistrationTest</a></td><td rowspan="1">1710705050625</td><td rowspan="1">1</td></tr></tbody>
<tbody id="t3"><tr><th colspan="4">passengers-count-4 &#8212; failed (configuration methods)</th></tr><tr class="failedeven"><td rowspan="1">com.shaarv70.tests.flightreservation.FlightReservationTest</td><td><a href="#m24">setDriver</a></td><td rowspan="1">1710704983904</td><td rowspan="1">66567</td></tr><tr><th colspan="4">passengers-count-4 &#8212; skipped (configuration methods)</th></tr><tr class="skippedeven"><td rowspan="2">com.shaarv70.tests.flightreservation.FlightReservationTest</td><td><a href="#m25">quitDriver</a></td><td rowspan="1">1710705050665</td><td rowspan="1">0</td></tr><tr class="skippedeven"><td><a href="#m26">setParameters</a></td><td rowspan="1">1710705050476</td><td rowspan="1">0</td></tr><tr><th colspan="4">passengers-count-4 &#8212; skipped</th></tr><tr class="skippedeven"><td rowspan="5">com.shaarv70.tests.flightreservation.FlightReservationTest</td><td><a href="#m27">flightReservationConfirmationTest</a></td><td rowspan="1">1710705050663</td><td rowspan="1">1</td></tr><tr class="skippedeven"><td><a href="#m28">flightsSearchTest</a></td><td rowspan="1">1710705050655</td><td rowspan="1">0</td></tr><tr class="skippedeven"><td><a href="#m29">flightsSelectionTest</a></td><td rowspan="1">1710705050661</td><td rowspan="1">1</td></tr><tr class="skippedeven"><td><a href="#m30">registrationConfirmationTest</a></td><td rowspan="1">1710705050650</td><td rowspan="1">0</td></tr><tr class="skippedeven"><td><a href="#m31">userRegistrationTest</a></td><td rowspan="1">1710705050612</td><td rowspan="1">0</td></tr></tbody>
</table>
<h2>passengers-count-3</h2><h3 id="m0">com.shaarv70.tests.flightreservation.FlightReservationTest#setDriver</h3><table class="result"><tr class="param"><th>Parameter #1</th></tr><tr class="param stripe"><td>org.testng.TestRunner@b2d71af</td></tr><tr><th>Exception</th></tr><tr><td><div class="stacktrace">org.openqa.selenium.SessionNotCreatedException: Could not start a new session. Response code 500. Message: Could not start a new session. java.io.IOException: HTTP/1.1 header parser received no bytes 
Host info: host: &apos;12a5a5cf2814&apos;, ip: &apos;192.168.0.2&apos;
Build info: version: &apos;4.10.0&apos;, revision: &apos;c14d967899&apos;
System info: os.name: &apos;Linux&apos;, os.arch: &apos;amd64&apos;, os.version: &apos;5.10.16.3-microsoft-standard-WSL2&apos;, java.version: &apos;11.0.19&apos;
Driver info: driver.version: unknown
Build info: version: &apos;4.11.0&apos;, revision: &apos;040bc5406b&apos;
System info: os.name: &apos;Linux&apos;, os.arch: &apos;amd64&apos;, os.version: &apos;5.10.16.3-microsoft-standard-WSL2&apos;, java.version: &apos;17.0.8.1&apos;
Driver info: org.openqa.selenium.remote.RemoteWebDriver
Command: [null, newSession {capabilities=[Capabilities {acceptInsecureCerts: true, browserName: firefox, moz:debuggerAddress: true, moz:firefoxOptions: {}}]}]
Capabilities {acceptInsecureCerts: true, browserName: firefox, moz:debuggerAddress: true, moz:firefoxOptions: {}}
	at org.openqa.selenium.remote.ProtocolHandshake.createSession(ProtocolHandshake.java:140)
	at org.openqa.selenium.remote.ProtocolHandshake.createSession(ProtocolHandshake.java:96)
	at org.openqa.selenium.remote.ProtocolHandshake.createSession(ProtocolHandshake.java:68)
	at org.openqa.selenium.remote.HttpCommandExecutor.execute(HttpCommandExecutor.java:163)
	at org.openqa.selenium.remote.TracedCommandExecutor.execute(TracedCommandExecutor.java:51)
	at org.openqa.selenium.remote.RemoteWebDriver.execute(RemoteWebDriver.java:518)
	at org.openqa.selenium.remote.RemoteWebDriver.startSession(RemoteWebDriver.java:232)
	at org.openqa.selenium.remote.RemoteWebDriver.&lt;init&gt;(RemoteWebDriver.java:159)
	at org.openqa.selenium.remote.RemoteWebDriver.&lt;init&gt;(RemoteWebDriver.java:139)
	at com.shaarv70.tests.AbstractTest.getRemoteDriver(AbstractTest.java:55)
	at com.shaarv70.tests.AbstractTest.setDriver(AbstractTest.java:37)
	at java.base/java.util.concurrent.FutureTask.run(FutureTask.java:264)
	at java.base/java.util.concurrent.ThreadPoolExecutor.runWorker(ThreadPoolExecutor.java:1136)
	at java.base/java.util.concurrent.ThreadPoolExecutor$Worker.run(ThreadPoolExecutor.java:635)
	at java.base/java.lang.Thread.run(Thread.java:833)
... Removed 14 stack frames</div></td></tr></table><p class="totop"><a href="#summary">back to summary</a></p>
<h3 id="m1">com.shaarv70.tests.flightreservation.FlightReservationTest#quitDriver</h3><table class="result"><tr><th class="invisible"/></tr></table><p class="totop"><a href="#summary">back to summary</a></p>
<h3 id="m2">com.shaarv70.tests.flightreservation.FlightReservationTest#setParameters</h3><table class="result"><tr><th class="invisible"/></tr></table><p class="totop"><a href="#summary">back to summary</a></p>
<h3 id="m3">com.shaarv70.tests.flightreservation.FlightReservationTest#flightReservationConfirmationTest</h3><table class="result"><tr><th>Exception</th></tr><tr><td><div class="stacktrace">java.lang.Throwable: Method com.shaarv70.tests.flightreservation.FlightReservationTest.flightReservationConfirmationTest() on instance com.shaarv70.tests.flightreservation.FlightReservationTest@1722011b depends on not successfully finished methods 
[com.shaarv70.tests.flightreservation.FlightReservationTest.flightsSelectionTest() on instance com.shaarv70.tests.flightreservation.FlightReservationTest@1722011b]
	at java.base/java.util.ArrayList.forEach(ArrayList.java:1511)
	at java.base/java.util.concurrent.FutureTask.run(FutureTask.java:264)
	at java.base/java.util.concurrent.ThreadPoolExecutor.runWorker(ThreadPoolExecutor.java:1136)
	at java.base/java.util.concurrent.ThreadPoolExecutor$Worker.run(ThreadPoolExecutor.java:635)
	at java.base/java.lang.Thread.run(Thread.java:833)
... Removed 8 stack frames</div></td></tr></table><p class="totop"><a href="#summary">back to summary</a></p>
<h3 id="m4">com.shaarv70.tests.flightreservation.FlightReservationTest#flightsSearchTest</h3><table class="result"><tr><th>Exception</th></tr><tr><td><div class="stacktrace">java.lang.Throwable: Method com.shaarv70.tests.flightreservation.FlightReservationTest.flightsSearchTest() on instance com.shaarv70.tests.flightreservation.FlightReservationTest@1722011b depends on not successfully finished methods 
[com.shaarv70.tests.flightreservation.FlightReservationTest.registrationConfirmationTest() on instance com.shaarv70.tests.flightreservation.FlightReservationTest@1722011b]
	at java.base/java.util.ArrayList.forEach(ArrayList.java:1511)
	at java.base/java.util.concurrent.FutureTask.run(FutureTask.java:264)
	at java.base/java.util.concurrent.ThreadPoolExecutor.runWorker(ThreadPoolExecutor.java:1136)
	at java.base/java.util.concurrent.ThreadPoolExecutor$Worker.run(ThreadPoolExecutor.java:635)
	at java.base/java.lang.Thread.run(Thread.java:833)
... Removed 8 stack frames</div></td></tr></table><p class="totop"><a href="#summary">back to summary</a></p>
<h3 id="m5">com.shaarv70.tests.flightreservation.FlightReservationTest#flightsSelectionTest</h3><table class="result"><tr><th>Exception</th></tr><tr><td><div class="stacktrace">java.lang.Throwable: Method com.shaarv70.tests.flightreservation.FlightReservationTest.flightsSelectionTest() on instance com.shaarv70.tests.flightreservation.FlightReservationTest@1722011b depends on not successfully finished methods 
[com.shaarv70.tests.flightreservation.FlightReservationTest.flightsSearchTest() on instance com.shaarv70.tests.flightreservation.FlightReservationTest@1722011b]
	at java.base/java.util.ArrayList.forEach(ArrayList.java:1511)
	at java.base/java.util.concurrent.FutureTask.run(FutureTask.java:264)
	at java.base/java.util.concurrent.ThreadPoolExecutor.runWorker(ThreadPoolExecutor.java:1136)
	at java.base/java.util.concurrent.ThreadPoolExecutor$Worker.run(ThreadPoolExecutor.java:635)
	at java.base/java.lang.Thread.run(Thread.java:833)
... Removed 8 stack frames</div></td></tr></table><p class="totop"><a href="#summary">back to summary</a></p>
<h3 id="m6">com.shaarv70.tests.flightreservation.FlightReservationTest#registrationConfirmationTest</h3><table class="result"><tr><th>Exception</th></tr><tr><td><div class="stacktrace">java.lang.Throwable: Method com.shaarv70.tests.flightreservation.FlightReservationTest.registrationConfirmationTest() on instance com.shaarv70.tests.flightreservation.FlightReservationTest@1722011b depends on not successfully finished methods 
[com.shaarv70.tests.flightreservation.FlightReservationTest.userRegistrationTest() on instance com.shaarv70.tests.flightreservation.FlightReservationTest@1722011b]
	at java.base/java.util.ArrayList.forEach(ArrayList.java:1511)
	at java.base/java.util.concurrent.FutureTask.run(FutureTask.java:264)
	at java.base/java.util.concurrent.ThreadPoolExecutor.runWorker(ThreadPoolExecutor.java:1136)
	at java.base/java.util.concurrent.ThreadPoolExecutor$Worker.run(ThreadPoolExecutor.java:635)
	at java.base/java.lang.Thread.run(Thread.java:833)
... Removed 8 stack frames</div></td></tr></table><p class="totop"><a href="#summary">back to summary</a></p>
<h3 id="m7">com.shaarv70.tests.flightreservation.FlightReservationTest#userRegistrationTest</h3><table class="result"><tr><th>Exception</th></tr><tr><td><div class="stacktrace">org.openqa.selenium.SessionNotCreatedException: Could not start a new session. Response code 500. Message: Could not start a new session. java.io.IOException: HTTP/1.1 header parser received no bytes 
Host info: host: &apos;12a5a5cf2814&apos;, ip: &apos;192.168.0.2&apos;
Build info: version: &apos;4.10.0&apos;, revision: &apos;c14d967899&apos;
System info: os.name: &apos;Linux&apos;, os.arch: &apos;amd64&apos;, os.version: &apos;5.10.16.3-microsoft-standard-WSL2&apos;, java.version: &apos;11.0.19&apos;
Driver info: driver.version: unknown
Build info: version: &apos;4.11.0&apos;, revision: &apos;040bc5406b&apos;
System info: os.name: &apos;Linux&apos;, os.arch: &apos;amd64&apos;, os.version: &apos;5.10.16.3-microsoft-standard-WSL2&apos;, java.version: &apos;17.0.8.1&apos;
Driver info: org.openqa.selenium.remote.RemoteWebDriver
Command: [null, newSession {capabilities=[Capabilities {acceptInsecureCerts: true, browserName: firefox, moz:debuggerAddress: true, moz:firefoxOptions: {}}]}]
Capabilities {acceptInsecureCerts: true, browserName: firefox, moz:debuggerAddress: true, moz:firefoxOptions: {}}
	at org.openqa.selenium.remote.ProtocolHandshake.createSession(ProtocolHandshake.java:140)
	at org.openqa.selenium.remote.ProtocolHandshake.createSession(ProtocolHandshake.java:96)
	at org.openqa.selenium.remote.ProtocolHandshake.createSession(ProtocolHandshake.java:68)
	at org.openqa.selenium.remote.HttpCommandExecutor.execute(HttpCommandExecutor.java:163)
	at org.openqa.selenium.remote.TracedCommandExecutor.execute(TracedCommandExecutor.java:51)
	at org.openqa.selenium.remote.RemoteWebDriver.execute(RemoteWebDriver.java:518)
	at org.openqa.selenium.remote.RemoteWebDriver.startSession(RemoteWebDriver.java:232)
	at org.openqa.selenium.remote.RemoteWebDriver.&lt;init&gt;(RemoteWebDriver.java:159)
	at org.openqa.selenium.remote.RemoteWebDriver.&lt;init&gt;(RemoteWebDriver.java:139)
	at com.shaarv70.tests.AbstractTest.getRemoteDriver(AbstractTest.java:55)
	at com.shaarv70.tests.AbstractTest.setDriver(AbstractTest.java:37)
	at java.base/java.util.concurrent.FutureTask.run(FutureTask.java:264)
	at java.base/java.util.concurrent.ThreadPoolExecutor.runWorker(ThreadPoolExecutor.java:1136)
	at java.base/java.util.concurrent.ThreadPoolExecutor$Worker.run(ThreadPoolExecutor.java:635)
	at java.base/java.lang.Thread.run(Thread.java:833)
... Removed 14 stack frames</div></td></tr></table><p class="totop"><a href="#summary">back to summary</a></p>
<h2>passengers-count-2</h2><h3 id="m8">com.shaarv70.tests.flightreservation.FlightReservationTest#setDriver</h3><table class="result"><tr class="param"><th>Parameter #1</th></tr><tr class="param stripe"><td>org.testng.TestRunner@68d30d41</td></tr><tr><th>Exception</th></tr><tr><td><div class="stacktrace">org.openqa.selenium.SessionNotCreatedException: Could not start a new session. Response code 500. Message: Could not start a new session. java.io.IOException: HTTP/1.1 header parser received no bytes 
Host info: host: &apos;12a5a5cf2814&apos;, ip: &apos;192.168.0.2&apos;
Build info: version: &apos;4.10.0&apos;, revision: &apos;c14d967899&apos;
System info: os.name: &apos;Linux&apos;, os.arch: &apos;amd64&apos;, os.version: &apos;5.10.16.3-microsoft-standard-WSL2&apos;, java.version: &apos;11.0.19&apos;
Driver info: driver.version: unknown
Build info: version: &apos;4.11.0&apos;, revision: &apos;040bc5406b&apos;
System info: os.name: &apos;Linux&apos;, os.arch: &apos;amd64&apos;, os.version: &apos;5.10.16.3-microsoft-standard-WSL2&apos;, java.version: &apos;17.0.8.1&apos;
Driver info: org.openqa.selenium.remote.RemoteWebDriver
Command: [null, newSession {capabilities=[Capabilities {acceptInsecureCerts: true, browserName: firefox, moz:debuggerAddress: true, moz:firefoxOptions: {}}]}]
Capabilities {acceptInsecureCerts: true, browserName: firefox, moz:debuggerAddress: true, moz:firefoxOptions: {}}
	at org.openqa.selenium.remote.ProtocolHandshake.createSession(ProtocolHandshake.java:140)
	at org.openqa.selenium.remote.ProtocolHandshake.createSession(ProtocolHandshake.java:96)
	at org.openqa.selenium.remote.ProtocolHandshake.createSession(ProtocolHandshake.java:68)
	at org.openqa.selenium.remote.HttpCommandExecutor.execute(HttpCommandExecutor.java:163)
	at org.openqa.selenium.remote.TracedCommandExecutor.execute(TracedCommandExecutor.java:51)
	at org.openqa.selenium.remote.RemoteWebDriver.execute(RemoteWebDriver.java:518)
	at org.openqa.selenium.remote.RemoteWebDriver.startSession(RemoteWebDriver.java:232)
	at org.openqa.selenium.remote.RemoteWebDriver.&lt;init&gt;(RemoteWebDriver.java:159)
	at org.openqa.selenium.remote.RemoteWebDriver.&lt;init&gt;(RemoteWebDriver.java:139)
	at com.shaarv70.tests.AbstractTest.getRemoteDriver(AbstractTest.java:55)
	at com.shaarv70.tests.AbstractTest.setDriver(AbstractTest.java:37)
	at java.base/java.util.concurrent.FutureTask.run(FutureTask.java:264)
	at java.base/java.util.concurrent.ThreadPoolExecutor.runWorker(ThreadPoolExecutor.java:1136)
	at java.base/java.util.concurrent.ThreadPoolExecutor$Worker.run(ThreadPoolExecutor.java:635)
	at java.base/java.lang.Thread.run(Thread.java:833)
... Removed 14 stack frames</div></td></tr></table><p class="totop"><a href="#summary">back to summary</a></p>
<h3 id="m9">com.shaarv70.tests.flightreservation.FlightReservationTest#quitDriver</h3><table class="result"><tr><th class="invisible"/></tr></table><p class="totop"><a href="#summary">back to summary</a></p>
<h3 id="m10">com.shaarv70.tests.flightreservation.FlightReservationTest#setParameters</h3><table class="result"><tr><th class="invisible"/></tr></table><p class="totop"><a href="#summary">back to summary</a></p>
<h3 id="m11">com.shaarv70.tests.flightreservation.FlightReservationTest#flightReservationConfirmationTest</h3><table class="result"><tr><th>Exception</th></tr><tr><td><div class="stacktrace">java.lang.Throwable: Method com.shaarv70.tests.flightreservation.FlightReservationTest.flightReservationConfirmationTest() on instance com.shaarv70.tests.flightreservation.FlightReservationTest@6e15fe2 depends on not successfully finished methods 
[com.shaarv70.tests.flightreservation.FlightReservationTest.flightsSelectionTest() on instance com.shaarv70.tests.flightreservation.FlightReservationTest@6e15fe2]
	at java.base/java.util.ArrayList.forEach(ArrayList.java:1511)
	at java.base/java.util.concurrent.FutureTask.run(FutureTask.java:264)
	at java.base/java.util.concurrent.ThreadPoolExecutor.runWorker(ThreadPoolExecutor.java:1136)
	at java.base/java.util.concurrent.ThreadPoolExecutor$Worker.run(ThreadPoolExecutor.java:635)
	at java.base/java.lang.Thread.run(Thread.java:833)
... Removed 8 stack frames</div></td></tr></table><p class="totop"><a href="#summary">back to summary</a></p>
<h3 id="m12">com.shaarv70.tests.flightreservation.FlightReservationTest#flightsSearchTest</h3><table class="result"><tr><th>Exception</th></tr><tr><td><div class="stacktrace">java.lang.Throwable: Method com.shaarv70.tests.flightreservation.FlightReservationTest.flightsSearchTest() on instance com.shaarv70.tests.flightreservation.FlightReservationTest@6e15fe2 depends on not successfully finished methods 
[com.shaarv70.tests.flightreservation.FlightReservationTest.registrationConfirmationTest() on instance com.shaarv70.tests.flightreservation.FlightReservationTest@6e15fe2]
	at java.base/java.util.ArrayList.forEach(ArrayList.java:1511)
	at java.base/java.util.concurrent.FutureTask.run(FutureTask.java:264)
	at java.base/java.util.concurrent.ThreadPoolExecutor.runWorker(ThreadPoolExecutor.java:1136)
	at java.base/java.util.concurrent.ThreadPoolExecutor$Worker.run(ThreadPoolExecutor.java:635)
	at java.base/java.lang.Thread.run(Thread.java:833)
... Removed 8 stack frames</div></td></tr></table><p class="totop"><a href="#summary">back to summary</a></p>
<h3 id="m13">com.shaarv70.tests.flightreservation.FlightReservationTest#flightsSelectionTest</h3><table class="result"><tr><th>Exception</th></tr><tr><td><div class="stacktrace">java.lang.Throwable: Method com.shaarv70.tests.flightreservation.FlightReservationTest.flightsSelectionTest() on instance com.shaarv70.tests.flightreservation.FlightReservationTest@6e15fe2 depends on not successfully finished methods 
[com.shaarv70.tests.flightreservation.FlightReservationTest.flightsSearchTest() on instance com.shaarv70.tests.flightreservation.FlightReservationTest@6e15fe2]
	at java.base/java.util.ArrayList.forEach(ArrayList.java:1511)
	at java.base/java.util.concurrent.FutureTask.run(FutureTask.java:264)
	at java.base/java.util.concurrent.ThreadPoolExecutor.runWorker(ThreadPoolExecutor.java:1136)
	at java.base/java.util.concurrent.ThreadPoolExecutor$Worker.run(ThreadPoolExecutor.java:635)
	at java.base/java.lang.Thread.run(Thread.java:833)
... Removed 8 stack frames</div></td></tr></table><p class="totop"><a href="#summary">back to summary</a></p>
<h3 id="m14">com.shaarv70.tests.flightreservation.FlightReservationTest#registrationConfirmationTest</h3><table class="result"><tr><th>Exception</th></tr><tr><td><div class="stacktrace">java.lang.Throwable: Method com.shaarv70.tests.flightreservation.FlightReservationTest.registrationConfirmationTest() on instance com.shaarv70.tests.flightreservation.FlightReservationTest@6e15fe2 depends on not successfully finished methods 
[com.shaarv70.tests.flightreservation.FlightReservationTest.userRegistrationTest() on instance com.shaarv70.tests.flightreservation.FlightReservationTest@6e15fe2]
	at java.base/java.util.ArrayList.forEach(ArrayList.java:1511)
	at java.base/java.util.concurrent.FutureTask.run(FutureTask.java:264)
	at java.base/java.util.concurrent.ThreadPoolExecutor.runWorker(ThreadPoolExecutor.java:1136)
	at java.base/java.util.concurrent.ThreadPoolExecutor$Worker.run(ThreadPoolExecutor.java:635)
	at java.base/java.lang.Thread.run(Thread.java:833)
... Removed 8 stack frames</div></td></tr></table><p class="totop"><a href="#summary">back to summary</a></p>
<h3 id="m15">com.shaarv70.tests.flightreservation.FlightReservationTest#userRegistrationTest</h3><table class="result"><tr><th>Exception</th></tr><tr><td><div class="stacktrace">org.openqa.selenium.SessionNotCreatedException: Could not start a new session. Response code 500. Message: Could not start a new session. java.io.IOException: HTTP/1.1 header parser received no bytes 
Host info: host: &apos;12a5a5cf2814&apos;, ip: &apos;192.168.0.2&apos;
Build info: version: &apos;4.10.0&apos;, revision: &apos;c14d967899&apos;
System info: os.name: &apos;Linux&apos;, os.arch: &apos;amd64&apos;, os.version: &apos;5.10.16.3-microsoft-standard-WSL2&apos;, java.version: &apos;11.0.19&apos;
Driver info: driver.version: unknown
Build info: version: &apos;4.11.0&apos;, revision: &apos;040bc5406b&apos;
System info: os.name: &apos;Linux&apos;, os.arch: &apos;amd64&apos;, os.version: &apos;5.10.16.3-microsoft-standard-WSL2&apos;, java.version: &apos;17.0.8.1&apos;
Driver info: org.openqa.selenium.remote.RemoteWebDriver
Command: [null, newSession {capabilities=[Capabilities {acceptInsecureCerts: true, browserName: firefox, moz:debuggerAddress: true, moz:firefoxOptions: {}}]}]
Capabilities {acceptInsecureCerts: true, browserName: firefox, moz:debuggerAddress: true, moz:firefoxOptions: {}}
	at org.openqa.selenium.remote.ProtocolHandshake.createSession(ProtocolHandshake.java:140)
	at org.openqa.selenium.remote.ProtocolHandshake.createSession(ProtocolHandshake.java:96)
	at org.openqa.selenium.remote.ProtocolHandshake.createSession(ProtocolHandshake.java:68)
	at org.openqa.selenium.remote.HttpCommandExecutor.execute(HttpCommandExecutor.java:163)
	at org.openqa.selenium.remote.TracedCommandExecutor.execute(TracedCommandExecutor.java:51)
	at org.openqa.selenium.remote.RemoteWebDriver.execute(RemoteWebDriver.java:518)
	at org.openqa.selenium.remote.RemoteWebDriver.startSession(RemoteWebDriver.java:232)
	at org.openqa.selenium.remote.RemoteWebDriver.&lt;init&gt;(RemoteWebDriver.java:159)
	at org.openqa.selenium.remote.RemoteWebDriver.&lt;init&gt;(RemoteWebDriver.java:139)
	at com.shaarv70.tests.AbstractTest.getRemoteDriver(AbstractTest.java:55)
	at com.shaarv70.tests.AbstractTest.setDriver(AbstractTest.java:37)
	at java.base/java.util.concurrent.FutureTask.run(FutureTask.java:264)
	at java.base/java.util.concurrent.ThreadPoolExecutor.runWorker(ThreadPoolExecutor.java:1136)
	at java.base/java.util.concurrent.ThreadPoolExecutor$Worker.run(ThreadPoolExecutor.java:635)
	at java.base/java.lang.Thread.run(Thread.java:833)
... Removed 14 stack frames</div></td></tr></table><p class="totop"><a href="#summary">back to summary</a></p>
<h2>passengers-count-1</h2><h3 id="m16">com.shaarv70.tests.flightreservation.FlightReservationTest#setDriver</h3><table class="result"><tr class="param"><th>Parameter #1</th></tr><tr class="param stripe"><td>org.testng.TestRunner@1c1898ee</td></tr><tr><th>Exception</th></tr><tr><td><div class="stacktrace">org.openqa.selenium.SessionNotCreatedException: Could not start a new session. Response code 500. Message: Could not start a new session. java.io.IOException: HTTP/1.1 header parser received no bytes 
Host info: host: &apos;12a5a5cf2814&apos;, ip: &apos;192.168.0.2&apos;
Build info: version: &apos;4.10.0&apos;, revision: &apos;c14d967899&apos;
System info: os.name: &apos;Linux&apos;, os.arch: &apos;amd64&apos;, os.version: &apos;5.10.16.3-microsoft-standard-WSL2&apos;, java.version: &apos;11.0.19&apos;
Driver info: driver.version: unknown
Build info: version: &apos;4.11.0&apos;, revision: &apos;040bc5406b&apos;
System info: os.name: &apos;Linux&apos;, os.arch: &apos;amd64&apos;, os.version: &apos;5.10.16.3-microsoft-standard-WSL2&apos;, java.version: &apos;17.0.8.1&apos;
Driver info: org.openqa.selenium.remote.RemoteWebDriver
Command: [null, newSession {capabilities=[Capabilities {acceptInsecureCerts: true, browserName: firefox, moz:debuggerAddress: true, moz:firefoxOptions: {}}]}]
Capabilities {acceptInsecureCerts: true, browserName: firefox, moz:debuggerAddress: true, moz:firefoxOptions: {}}
	at org.openqa.selenium.remote.ProtocolHandshake.createSession(ProtocolHandshake.java:140)
	at org.openqa.selenium.remote.ProtocolHandshake.createSession(ProtocolHandshake.java:96)
	at org.openqa.selenium.remote.ProtocolHandshake.createSession(ProtocolHandshake.java:68)
	at org.openqa.selenium.remote.HttpCommandExecutor.execute(HttpCommandExecutor.java:163)
	at org.openqa.selenium.remote.TracedCommandExecutor.execute(TracedCommandExecutor.java:51)
	at org.openqa.selenium.remote.RemoteWebDriver.execute(RemoteWebDriver.java:518)
	at org.openqa.selenium.remote.RemoteWebDriver.startSession(RemoteWebDriver.java:232)
	at org.openqa.selenium.remote.RemoteWebDriver.&lt;init&gt;(RemoteWebDriver.java:159)
	at org.openqa.selenium.remote.RemoteWebDriver.&lt;init&gt;(RemoteWebDriver.java:139)
	at com.shaarv70.tests.AbstractTest.getRemoteDriver(AbstractTest.java:55)
	at com.shaarv70.tests.AbstractTest.setDriver(AbstractTest.java:37)
	at java.base/java.util.concurrent.FutureTask.run(FutureTask.java:264)
	at java.base/java.util.concurrent.ThreadPoolExecutor.runWorker(ThreadPoolExecutor.java:1136)
	at java.base/java.util.concurrent.ThreadPoolExecutor$Worker.run(ThreadPoolExecutor.java:635)
	at java.base/java.lang.Thread.run(Thread.java:833)
... Removed 14 stack frames</div></td></tr></table><p class="totop"><a href="#summary">back to summary</a></p>
<h3 id="m17">com.shaarv70.tests.flightreservation.FlightReservationTest#quitDriver</h3><table class="result"><tr><th class="invisible"/></tr></table><p class="totop"><a href="#summary">back to summary</a></p>
<h3 id="m18">com.shaarv70.tests.flightreservation.FlightReservationTest#setParameters</h3><table class="result"><tr><th class="invisible"/></tr></table><p class="totop"><a href="#summary">back to summary</a></p>
<h3 id="m19">com.shaarv70.tests.flightreservation.FlightReservationTest#flightReservationConfirmationTest</h3><table class="result"><tr><th>Exception</th></tr><tr><td><div class="stacktrace">java.lang.Throwable: Method com.shaarv70.tests.flightreservation.FlightReservationTest.flightReservationConfirmationTest() on instance com.shaarv70.tests.flightreservation.FlightReservationTest@1c39680d depends on not successfully finished methods 
[com.shaarv70.tests.flightreservation.FlightReservationTest.flightsSelectionTest() on instance com.shaarv70.tests.flightreservation.FlightReservationTest@1c39680d]
	at java.base/java.util.ArrayList.forEach(ArrayList.java:1511)
	at java.base/java.util.concurrent.FutureTask.run(FutureTask.java:264)
	at java.base/java.util.concurrent.ThreadPoolExecutor.runWorker(ThreadPoolExecutor.java:1136)
	at java.base/java.util.concurrent.ThreadPoolExecutor$Worker.run(ThreadPoolExecutor.java:635)
	at java.base/java.lang.Thread.run(Thread.java:833)
... Removed 8 stack frames</div></td></tr></table><p class="totop"><a href="#summary">back to summary</a></p>
<h3 id="m20">com.shaarv70.tests.flightreservation.FlightReservationTest#flightsSearchTest</h3><table class="result"><tr><th>Exception</th></tr><tr><td><div class="stacktrace">java.lang.Throwable: Method com.shaarv70.tests.flightreservation.FlightReservationTest.flightsSearchTest() on instance com.shaarv70.tests.flightreservation.FlightReservationTest@1c39680d depends on not successfully finished methods 
[com.shaarv70.tests.flightreservation.FlightReservationTest.registrationConfirmationTest() on instance com.shaarv70.tests.flightreservation.FlightReservationTest@1c39680d]
	at java.base/java.util.ArrayList.forEach(ArrayList.java:1511)
	at java.base/java.util.concurrent.FutureTask.run(FutureTask.java:264)
	at java.base/java.util.concurrent.ThreadPoolExecutor.runWorker(ThreadPoolExecutor.java:1136)
	at java.base/java.util.concurrent.ThreadPoolExecutor$Worker.run(ThreadPoolExecutor.java:635)
	at java.base/java.lang.Thread.run(Thread.java:833)
... Removed 8 stack frames</div></td></tr></table><p class="totop"><a href="#summary">back to summary</a></p>
<h3 id="m21">com.shaarv70.tests.flightreservation.FlightReservationTest#flightsSelectionTest</h3><table class="result"><tr><th>Exception</th></tr><tr><td><div class="stacktrace">java.lang.Throwable: Method com.shaarv70.tests.flightreservation.FlightReservationTest.flightsSelectionTest() on instance com.shaarv70.tests.flightreservation.FlightReservationTest@1c39680d depends on not successfully finished methods 
[com.shaarv70.tests.flightreservation.FlightReservationTest.flightsSearchTest() on instance com.shaarv70.tests.flightreservation.FlightReservationTest@1c39680d]
	at java.base/java.util.ArrayList.forEach(ArrayList.java:1511)
	at java.base/java.util.concurrent.FutureTask.run(FutureTask.java:264)
	at java.base/java.util.concurrent.ThreadPoolExecutor.runWorker(ThreadPoolExecutor.java:1136)
	at java.base/java.util.concurrent.ThreadPoolExecutor$Worker.run(ThreadPoolExecutor.java:635)
	at java.base/java.lang.Thread.run(Thread.java:833)
... Removed 8 stack frames</div></td></tr></table><p class="totop"><a href="#summary">back to summary</a></p>
<h3 id="m22">com.shaarv70.tests.flightreservation.FlightReservationTest#registrationConfirmationTest</h3><table class="result"><tr><th>Exception</th></tr><tr><td><div class="stacktrace">java.lang.Throwable: Method com.shaarv70.tests.flightreservation.FlightReservationTest.registrationConfirmationTest() on instance com.shaarv70.tests.flightreservation.FlightReservationTest@1c39680d depends on not successfully finished methods 
[com.shaarv70.tests.flightreservation.FlightReservationTest.userRegistrationTest() on instance com.shaarv70.tests.flightreservation.FlightReservationTest@1c39680d]
	at java.base/java.util.ArrayList.forEach(ArrayList.java:1511)
	at java.base/java.util.concurrent.FutureTask.run(FutureTask.java:264)
	at java.base/java.util.concurrent.ThreadPoolExecutor.runWorker(ThreadPoolExecutor.java:1136)
	at java.base/java.util.concurrent.ThreadPoolExecutor$Worker.run(ThreadPoolExecutor.java:635)
	at java.base/java.lang.Thread.run(Thread.java:833)
... Removed 8 stack frames</div></td></tr></table><p class="totop"><a href="#summary">back to summary</a></p>
<h3 id="m23">com.shaarv70.tests.flightreservation.FlightReservationTest#userRegistrationTest</h3><table class="result"><tr><th>Exception</th></tr><tr><td><div class="stacktrace">org.openqa.selenium.SessionNotCreatedException: Could not start a new session. Response code 500. Message: Could not start a new session. java.io.IOException: HTTP/1.1 header parser received no bytes 
Host info: host: &apos;12a5a5cf2814&apos;, ip: &apos;192.168.0.2&apos;
Build info: version: &apos;4.10.0&apos;, revision: &apos;c14d967899&apos;
System info: os.name: &apos;Linux&apos;, os.arch: &apos;amd64&apos;, os.version: &apos;5.10.16.3-microsoft-standard-WSL2&apos;, java.version: &apos;11.0.19&apos;
Driver info: driver.version: unknown
Build info: version: &apos;4.11.0&apos;, revision: &apos;040bc5406b&apos;
System info: os.name: &apos;Linux&apos;, os.arch: &apos;amd64&apos;, os.version: &apos;5.10.16.3-microsoft-standard-WSL2&apos;, java.version: &apos;17.0.8.1&apos;
Driver info: org.openqa.selenium.remote.RemoteWebDriver
Command: [null, newSession {capabilities=[Capabilities {acceptInsecureCerts: true, browserName: firefox, moz:debuggerAddress: true, moz:firefoxOptions: {}}]}]
Capabilities {acceptInsecureCerts: true, browserName: firefox, moz:debuggerAddress: true, moz:firefoxOptions: {}}
	at org.openqa.selenium.remote.ProtocolHandshake.createSession(ProtocolHandshake.java:140)
	at org.openqa.selenium.remote.ProtocolHandshake.createSession(ProtocolHandshake.java:96)
	at org.openqa.selenium.remote.ProtocolHandshake.createSession(ProtocolHandshake.java:68)
	at org.openqa.selenium.remote.HttpCommandExecutor.execute(HttpCommandExecutor.java:163)
	at org.openqa.selenium.remote.TracedCommandExecutor.execute(TracedCommandExecutor.java:51)
	at org.openqa.selenium.remote.RemoteWebDriver.execute(RemoteWebDriver.java:518)
	at org.openqa.selenium.remote.RemoteWebDriver.startSession(RemoteWebDriver.java:232)
	at org.openqa.selenium.remote.RemoteWebDriver.&lt;init&gt;(RemoteWebDriver.java:159)
	at org.openqa.selenium.remote.RemoteWebDriver.&lt;init&gt;(RemoteWebDriver.java:139)
	at com.shaarv70.tests.AbstractTest.getRemoteDriver(AbstractTest.java:55)
	at com.shaarv70.tests.AbstractTest.setDriver(AbstractTest.java:37)
	at java.base/java.util.concurrent.FutureTask.run(FutureTask.java:264)
	at java.base/java.util.concurrent.ThreadPoolExecutor.runWorker(ThreadPoolExecutor.java:1136)
	at java.base/java.util.concurrent.ThreadPoolExecutor$Worker.run(ThreadPoolExecutor.java:635)
	at java.base/java.lang.Thread.run(Thread.java:833)
... Removed 14 stack frames</div></td></tr></table><p class="totop"><a href="#summary">back to summary</a></p>
<h2>passengers-count-4</h2><h3 id="m24">com.shaarv70.tests.flightreservation.FlightReservationTest#setDriver</h3><table class="result"><tr class="param"><th>Parameter #1</th></tr><tr class="param stripe"><td>org.testng.TestRunner@65f8cc54</td></tr><tr><th>Exception</th></tr><tr><td><div class="stacktrace">org.openqa.selenium.SessionNotCreatedException: Could not start a new session. Response code 500. Message: Could not start a new session. java.io.IOException: HTTP/1.1 header parser received no bytes 
Host info: host: &apos;12a5a5cf2814&apos;, ip: &apos;192.168.0.2&apos;
Build info: version: &apos;4.10.0&apos;, revision: &apos;c14d967899&apos;
System info: os.name: &apos;Linux&apos;, os.arch: &apos;amd64&apos;, os.version: &apos;5.10.16.3-microsoft-standard-WSL2&apos;, java.version: &apos;11.0.19&apos;
Driver info: driver.version: unknown
Build info: version: &apos;4.11.0&apos;, revision: &apos;040bc5406b&apos;
System info: os.name: &apos;Linux&apos;, os.arch: &apos;amd64&apos;, os.version: &apos;5.10.16.3-microsoft-standard-WSL2&apos;, java.version: &apos;17.0.8.1&apos;
Driver info: org.openqa.selenium.remote.RemoteWebDriver
Command: [null, newSession {capabilities=[Capabilities {acceptInsecureCerts: true, browserName: firefox, moz:debuggerAddress: true, moz:firefoxOptions: {}}]}]
Capabilities {acceptInsecureCerts: true, browserName: firefox, moz:debuggerAddress: true, moz:firefoxOptions: {}}
	at org.openqa.selenium.remote.ProtocolHandshake.createSession(ProtocolHandshake.java:140)
	at org.openqa.selenium.remote.ProtocolHandshake.createSession(ProtocolHandshake.java:96)
	at org.openqa.selenium.remote.ProtocolHandshake.createSession(ProtocolHandshake.java:68)
	at org.openqa.selenium.remote.HttpCommandExecutor.execute(HttpCommandExecutor.java:163)
	at org.openqa.selenium.remote.TracedCommandExecutor.execute(TracedCommandExecutor.java:51)
	at org.openqa.selenium.remote.RemoteWebDriver.execute(RemoteWebDriver.java:518)
	at org.openqa.selenium.remote.RemoteWebDriver.startSession(RemoteWebDriver.java:232)
	at org.openqa.selenium.remote.RemoteWebDriver.&lt;init&gt;(RemoteWebDriver.java:159)
	at org.openqa.selenium.remote.RemoteWebDriver.&lt;init&gt;(RemoteWebDriver.java:139)
	at com.shaarv70.tests.AbstractTest.getRemoteDriver(AbstractTest.java:55)
	at com.shaarv70.tests.AbstractTest.setDriver(AbstractTest.java:37)
	at java.base/java.util.concurrent.FutureTask.run(FutureTask.java:264)
	at java.base/java.util.concurrent.ThreadPoolExecutor.runWorker(ThreadPoolExecutor.java:1136)
	at java.base/java.util.concurrent.ThreadPoolExecutor$Worker.run(ThreadPoolExecutor.java:635)
	at java.base/java.lang.Thread.run(Thread.java:833)
... Removed 14 stack frames</div></td></tr></table><p class="totop"><a href="#summary">back to summary</a></p>
<h3 id="m25">com.shaarv70.tests.flightreservation.FlightReservationTest#quitDriver</h3><table class="result"><tr><th class="invisible"/></tr></table><p class="totop"><a href="#summary">back to summary</a></p>
<h3 id="m26">com.shaarv70.tests.flightreservation.FlightReservationTest#setParameters</h3><table class="result"><tr><th class="invisible"/></tr></table><p class="totop"><a href="#summary">back to summary</a></p>
<h3 id="m27">com.shaarv70.tests.flightreservation.FlightReservationTest#flightReservationConfirmationTest</h3><table class="result"><tr><th>Exception</th></tr><tr><td><div class="stacktrace">java.lang.Throwable: Method com.shaarv70.tests.flightreservation.FlightReservationTest.flightReservationConfirmationTest() on instance com.shaarv70.tests.flightreservation.FlightReservationTest@3e2059ae depends on not successfully finished methods 
[com.shaarv70.tests.flightreservation.FlightReservationTest.flightsSelectionTest() on instance com.shaarv70.tests.flightreservation.FlightReservationTest@3e2059ae]
	at java.base/java.util.ArrayList.forEach(ArrayList.java:1511)
	at java.base/java.util.concurrent.FutureTask.run(FutureTask.java:264)
	at java.base/java.util.concurrent.ThreadPoolExecutor.runWorker(ThreadPoolExecutor.java:1136)
	at java.base/java.util.concurrent.ThreadPoolExecutor$Worker.run(ThreadPoolExecutor.java:635)
	at java.base/java.lang.Thread.run(Thread.java:833)
... Removed 8 stack frames</div></td></tr></table><p class="totop"><a href="#summary">back to summary</a></p>
<h3 id="m28">com.shaarv70.tests.flightreservation.FlightReservationTest#flightsSearchTest</h3><table class="result"><tr><th>Exception</th></tr><tr><td><div class="stacktrace">java.lang.Throwable: Method com.shaarv70.tests.flightreservation.FlightReservationTest.flightsSearchTest() on instance com.shaarv70.tests.flightreservation.FlightReservationTest@3e2059ae depends on not successfully finished methods 
[com.shaarv70.tests.flightreservation.FlightReservationTest.registrationConfirmationTest() on instance com.shaarv70.tests.flightreservation.FlightReservationTest@3e2059ae]
	at java.base/java.util.ArrayList.forEach(ArrayList.java:1511)
	at java.base/java.util.concurrent.FutureTask.run(FutureTask.java:264)
	at java.base/java.util.concurrent.ThreadPoolExecutor.runWorker(ThreadPoolExecutor.java:1136)
	at java.base/java.util.concurrent.ThreadPoolExecutor$Worker.run(ThreadPoolExecutor.java:635)
	at java.base/java.lang.Thread.run(Thread.java:833)
... Removed 8 stack frames</div></td></tr></table><p class="totop"><a href="#summary">back to summary</a></p>
<h3 id="m29">com.shaarv70.tests.flightreservation.FlightReservationTest#flightsSelectionTest</h3><table class="result"><tr><th>Exception</th></tr><tr><td><div class="stacktrace">java.lang.Throwable: Method com.shaarv70.tests.flightreservation.FlightReservationTest.flightsSelectionTest() on instance com.shaarv70.tests.flightreservation.FlightReservationTest@3e2059ae depends on not successfully finished methods 
[com.shaarv70.tests.flightreservation.FlightReservationTest.flightsSearchTest() on instance com.shaarv70.tests.flightreservation.FlightReservationTest@3e2059ae]
	at java.base/java.util.ArrayList.forEach(ArrayList.java:1511)
	at java.base/java.util.concurrent.FutureTask.run(FutureTask.java:264)
	at java.base/java.util.concurrent.ThreadPoolExecutor.runWorker(ThreadPoolExecutor.java:1136)
	at java.base/java.util.concurrent.ThreadPoolExecutor$Worker.run(ThreadPoolExecutor.java:635)
	at java.base/java.lang.Thread.run(Thread.java:833)
... Removed 8 stack frames</div></td></tr></table><p class="totop"><a href="#summary">back to summary</a></p>
<h3 id="m30">com.shaarv70.tests.flightreservation.FlightReservationTest#registrationConfirmationTest</h3><table class="result"><tr><th>Exception</th></tr><tr><td><div class="stacktrace">java.lang.Throwable: Method com.shaarv70.tests.flightreservation.FlightReservationTest.registrationConfirmationTest() on instance com.shaarv70.tests.flightreservation.FlightReservationTest@3e2059ae depends on not successfully finished methods 
[com.shaarv70.tests.flightreservation.FlightReservationTest.userRegistrationTest() on instance com.shaarv70.tests.flightreservation.FlightReservationTest@3e2059ae]
	at java.base/java.util.ArrayList.forEach(ArrayList.java:1511)
	at java.base/java.util.concurrent.FutureTask.run(FutureTask.java:264)
	at java.base/java.util.concurrent.ThreadPoolExecutor.runWorker(ThreadPoolExecutor.java:1136)
	at java.base/java.util.concurrent.ThreadPoolExecutor$Worker.run(ThreadPoolExecutor.java:635)
	at java.base/java.lang.Thread.run(Thread.java:833)
... Removed 8 stack frames</div></td></tr></table><p class="totop"><a href="#summary">back to summary</a></p>
<h3 id="m31">com.shaarv70.tests.flightreservation.FlightReservationTest#userRegistrationTest</h3><table class="result"><tr><th>Exception</th></tr><tr><td><div class="stacktrace">org.openqa.selenium.SessionNotCreatedException: Could not start a new session. Response code 500. Message: Could not start a new session. java.io.IOException: HTTP/1.1 header parser received no bytes 
Host info: host: &apos;12a5a5cf2814&apos;, ip: &apos;192.168.0.2&apos;
Build info: version: &apos;4.10.0&apos;, revision: &apos;c14d967899&apos;
System info: os.name: &apos;Linux&apos;, os.arch: &apos;amd64&apos;, os.version: &apos;5.10.16.3-microsoft-standard-WSL2&apos;, java.version: &apos;11.0.19&apos;
Driver info: driver.version: unknown
Build info: version: &apos;4.11.0&apos;, revision: &apos;040bc5406b&apos;
System info: os.name: &apos;Linux&apos;, os.arch: &apos;amd64&apos;, os.version: &apos;5.10.16.3-microsoft-standard-WSL2&apos;, java.version: &apos;17.0.8.1&apos;
Driver info: org.openqa.selenium.remote.RemoteWebDriver
Command: [null, newSession {capabilities=[Capabilities {acceptInsecureCerts: true, browserName: firefox, moz:debuggerAddress: true, moz:firefoxOptions: {}}]}]
Capabilities {acceptInsecureCerts: true, browserName: firefox, moz:debuggerAddress: true, moz:firefoxOptions: {}}
	at org.openqa.selenium.remote.ProtocolHandshake.createSession(ProtocolHandshake.java:140)
	at org.openqa.selenium.remote.ProtocolHandshake.createSession(ProtocolHandshake.java:96)
	at org.openqa.selenium.remote.ProtocolHandshake.createSession(ProtocolHandshake.java:68)
	at org.openqa.selenium.remote.HttpCommandExecutor.execute(HttpCommandExecutor.java:163)
	at org.openqa.selenium.remote.TracedCommandExecutor.execute(TracedCommandExecutor.java:51)
	at org.openqa.selenium.remote.RemoteWebDriver.execute(RemoteWebDriver.java:518)
	at org.openqa.selenium.remote.RemoteWebDriver.startSession(RemoteWebDriver.java:232)
	at org.openqa.selenium.remote.RemoteWebDriver.&lt;init&gt;(RemoteWebDriver.java:159)
	at org.openqa.selenium.remote.RemoteWebDriver.&lt;init&gt;(RemoteWebDriver.java:139)
	at com.shaarv70.tests.AbstractTest.getRemoteDriver(AbstractTest.java:55)
	at com.shaarv70.tests.AbstractTest.setDriver(AbstractTest.java:37)
	at java.base/java.util.concurrent.FutureTask.run(FutureTask.java:264)
	at java.base/java.util.concurrent.ThreadPoolExecutor.runWorker(ThreadPoolExecutor.java:1136)
	at java.base/java.util.concurrent.ThreadPoolExecutor$Worker.run(ThreadPoolExecutor.java:635)
	at java.base/java.lang.Thread.run(Thread.java:833)
... Removed 14 stack frames</div></td></tr></table><p class="totop"><a href="#summary">back to summary</a></p>
</body>
</html>
